error: Cannot find module 'forgot'
Require stack:
- C:\Users\herna\OneDrive\Escritorio\nodejs\backend\complementario_3\node_modules\express\lib\view.js
- C:\Users\herna\OneDrive\Escritorio\nodejs\backend\complementario_3\node_modules\express\lib\application.js
- C:\Users\herna\OneDrive\Escritorio\nodejs\backend\complementario_3\node_modules\express\lib\express.js {"code":"MODULE_NOT_FOUND","requireStack":["C:\\Users\\herna\\OneDrive\\Escritorio\\nodejs\\backend\\complementario_3\\node_modules\\express\\lib\\view.js","C:\\Users\\herna\\OneDrive\\Escritorio\\nodejs\\backend\\complementario_3\\node_modules\\express\\lib\\application.js","C:\\Users\\herna\\OneDrive\\Escritorio\\nodejs\\backend\\complementario_3\\node_modules\\express\\lib\\express.js"]}
error: Cannot set headers after they are sent to the client {"code":"ERR_HTTP_HEADERS_SENT"}
error: MailService is not defined
error: ENOENT: no such file or directory, open 'C:\Users\herna\OneDrive\Escritorio\nodejs\backend\complementario_3\src\public\images\erp2.png' {"code":"ESTREAM","command":"API","errno":-4058,"path":"C:\\Users\\herna\\OneDrive\\Escritorio\\nodejs\\backend\\complementario_3\\src\\public\\images\\erp2.png","syscall":"open"}
error: Cannot set headers after they are sent to the client {"code":"ERR_HTTP_HEADERS_SENT"}
error: Cannot set headers after they are sent to the client {"code":"ERR_HTTP_HEADERS_SENT"}
error: Cannot set headers after they are sent to the client {"code":"ERR_HTTP_HEADERS_SENT"}
error: Cannot set headers after they are sent to the client {"code":"ERR_HTTP_HEADERS_SENT"}
error: Cannot set headers after they are sent to the client {"code":"ERR_HTTP_HEADERS_SENT"}
error: Cannot set headers after they are sent to the client {"code":"ERR_HTTP_HEADERS_SENT"}
error: jwt expired {"expiredAt":"2023-08-13T03:36:32.000Z","name":"TokenExpiredError"}
error: jwt expired {"expiredAt":"2023-08-13T03:36:32.000Z","name":"TokenExpiredError"}
error: Cast to ObjectId failed for value "64d982bd3aa06fad29daf6a0V" (type string) at path "_id" for model "products" {"kind":"ObjectId","path":"_id","reason":{},"stringValue":"\"64d982bd3aa06fad29daf6a0V\"","value":"64d982bd3aa06fad29daf6a0V","valueType":"string"}
error: Cast to ObjectId failed for value "64d982bd3aa06fad29daf6a0V" (type string) at path "_id" for model "products" {"kind":"ObjectId","path":"_id","reason":{},"stringValue":"\"64d982bd3aa06fad29daf6a0V\"","value":"64d982bd3aa06fad29daf6a0V","valueType":"string"}
error: Cast to ObjectId failed for value "64d982bd3aa06fad29daf6a0U" (type string) at path "_id" for model "products" {"kind":"ObjectId","path":"_id","reason":{},"stringValue":"\"64d982bd3aa06fad29daf6a0U\"","value":"64d982bd3aa06fad29daf6a0U","valueType":"string"}
error: Cast to ObjectId failed for value "64d982bd3aa06fad29daf6a0U" (type string) at path "_id" for model "products" {"kind":"ObjectId","path":"_id","reason":{},"stringValue":"\"64d982bd3aa06fad29daf6a0U\"","value":"64d982bd3aa06fad29daf6a0U","valueType":"string"}
error: Cast to ObjectId failed for value "64d982bd3aa06fad29daf6a" (type string) at path "_id" for model "products" {"kind":"ObjectId","path":"_id","reason":{},"stringValue":"\"64d982bd3aa06fad29daf6a\"","value":"64d982bd3aa06fad29daf6a","valueType":"string"}
error: Cast to ObjectId failed for value "64d982bd3aa06fad29daf6a0I" (type string) at path "_id" for model "products" {"kind":"ObjectId","path":"_id","reason":{},"stringValue":"\"64d982bd3aa06fad29daf6a0I\"","value":"64d982bd3aa06fad29daf6a0I","valueType":"string"}
error: Cast to ObjectId failed for value "64d982bd3aa06fad29daf6a0I" (type string) at path "_id" for model "products" {"kind":"ObjectId","path":"_id","reason":{},"stringValue":"\"64d982bd3aa06fad29daf6a0I\"","value":"64d982bd3aa06fad29daf6a0I","valueType":"string"}
error: Cast to ObjectId failed for value "64d982bd3aa06fad29daf6a0I" (type string) at path "_id" for model "products" {"kind":"ObjectId","path":"_id","reason":{},"stringValue":"\"64d982bd3aa06fad29daf6a0I\"","value":"64d982bd3aa06fad29daf6a0I","valueType":"string"}
error: Cast to ObjectId failed for value "64d982bd3aa06fad29daf6a0I" (type string) at path "_id" for model "products" {"kind":"ObjectId","path":"_id","reason":{},"stringValue":"\"64d982bd3aa06fad29daf6a0I\"","value":"64d982bd3aa06fad29daf6a0I","valueType":"string"}
error: Parameter "filter" to findOne() must be an object, got "64d982bd3aa06fad29daf6a0I" (type string)
error: Parameter "filter" to findOne() must be an object, got "64d982bd3aa06fad29daf6a0I" (type string)
error: Parameter "filter" to findOne() must be an object, got "64d982bd3aa06fad29daf6a0" (type string)
error: Cast to ObjectId failed for value "64d982bd3aa06fad29daf6a0p" (type string) at path "_id" for model "products" {"kind":"ObjectId","path":"_id","reason":{},"stringValue":"\"64d982bd3aa06fad29daf6a0p\"","value":"64d982bd3aa06fad29daf6a0p","valueType":"string"}
error: Cast to ObjectId failed for value "64d982bd3aa06fad29daf6a0p" (type string) at path "_id" for model "products" {"kind":"ObjectId","path":"_id","reason":{},"stringValue":"\"64d982bd3aa06fad29daf6a0p\"","value":"64d982bd3aa06fad29daf6a0p","valueType":"string"}
error: productService.deleteProduct is not a function
error: Cannot set headers after they are sent to the client {"code":"ERR_HTTP_HEADERS_SENT"}
error: Cannot read properties of null (reading 'email')
error: Cannot set headers after they are sent to the client {"code":"ERR_HTTP_HEADERS_SENT"}
error: Cannot set headers after they are sent to the client {"code":"ERR_HTTP_HEADERS_SENT"}
error: Cannot set headers after they are sent to the client {"code":"ERR_HTTP_HEADERS_SENT"}
error: Cannot set headers after they are sent to the client {"code":"ERR_HTTP_HEADERS_SENT"}
error: err is not defined
error: Cannot set headers after they are sent to the client {"code":"ERR_HTTP_HEADERS_SENT"}
error: Cannot set headers after they are sent to the client {"code":"ERR_HTTP_HEADERS_SENT"}
error: Cannot set headers after they are sent to the client {"code":"ERR_HTTP_HEADERS_SENT"}
error: Cannot set headers after they are sent to the client {"code":"ERR_HTTP_HEADERS_SENT"}
error: Cannot set headers after they are sent to the client {"code":"ERR_HTTP_HEADERS_SENT"}
error: Cannot set headers after they are sent to the client {"code":"ERR_HTTP_HEADERS_SENT"}
error: Cannot set headers after they are sent to the client {"code":"ERR_HTTP_HEADERS_SENT"}
error: Cannot set headers after they are sent to the client {"code":"ERR_HTTP_HEADERS_SENT"}
error: Cannot set headers after they are sent to the client {"code":"ERR_HTTP_HEADERS_SENT"}
error: Cannot set headers after they are sent to the client {"code":"ERR_HTTP_HEADERS_SENT"}
error: Cannot set headers after they are sent to the client {"code":"ERR_HTTP_HEADERS_SENT"}
error: Cannot set headers after they are sent to the client {"code":"ERR_HTTP_HEADERS_SENT"}
error: Cannot set headers after they are sent to the client {"code":"ERR_HTTP_HEADERS_SENT"}
error: Cannot set headers after they are sent to the client {"code":"ERR_HTTP_HEADERS_SENT"}
error: Cannot set headers after they are sent to the client {"code":"ERR_HTTP_HEADERS_SENT"}
error: Cannot set headers after they are sent to the client {"code":"ERR_HTTP_HEADERS_SENT"}
error: Cannot set headers after they are sent to the client {"code":"ERR_HTTP_HEADERS_SENT"}
error: Cannot set headers after they are sent to the client {"code":"ERR_HTTP_HEADERS_SENT"}
error: Cannot set headers after they are sent to the client {"code":"ERR_HTTP_HEADERS_SENT"}
error: Error intentando insertar un nuevo producto {"code":1,"name":"Error de creación de producto","status":400}
